1661875727569:saa
1661875737503:ia
1661875752415:saa
1661894747104:help
1661894769441:stacktrase
1661894782796:stacktrace
1661894797523:help
1661894799776:stacktrace
1661894837528:saa
1661894844611:sab
1661894849019:sag
1661894987048:h
1661894989202:hrl
1661894992535:help
1661895221799:stacktrace
1661895550604:saa
1661895553820:sab
1661895556974:sag
1661895562932:ig
1661895620124:ia
1661895649663:saa
1661895654525:sag
1661895661542:ib
1661895724551:sab
1661895744708:dg
1661895755279:d
1661895758918:dg
1661895775994:sag
1661895788643:fa
1661895794104:sa
1661895806022:sb
1661895846426:sg
1661895882845:help
1661956073302:faa
1661956084432:saa
1661956097491:sa
1661962222369:sag
1662054641440:faa
1662054644435:saa
1662054646868:sab
1662054649264:sag
1662054654614:ig
1662054666027:ib
1662054703437:sag
1662054707057:sab
1662054716004:db
1662054733569:sab
1662054743449:fa
1662054745100:ssa
1662054746586:sa
1662054788329:ib
1662054820754:sab
1662054828378:saa
1662054831414:sag
1662063219576:saa
1662063222611:sab
1662063233315:sag
1662063243054:ia
1662063256254:saa
1662063363235:sab
1662063366340:ia
1662063379540:saa
1662063392914:sg
1662063609895:saa
